<?xml version="1.0" encoding="UTF-8"?>
<!-- Generated by org.testng.reporters.JUnitReportReporter -->
<testsuite hostname="cgvak-lt178" failures="0" tests="1" name="com.org.test.auto.LoginTest" time="2.253" errors="0" timestamp="2023-10-21T22:52:11 IST" skipped="0">
  <testcase classname="com.org.test.auto.LoginTest" name="loginTest" time="2.253"/>
  <system-out/>
</testsuite> <!-- com.org.test.auto.LoginTest -->
